#
# There is insufficient memory for the Java Runtime Environment to continue.
# Native memory allocation (mmap) failed to map 3145728 bytes. Error detail: G1 virtual space
# Possible reasons:
#   The system is out of physical RAM or swap space
#   This process is running with CompressedOops enabled, and the Java Heap may be blocking the growth of the native heap
# Possible solutions:
#   Reduce memory load on the system
#   Increase physical memory or swap space
#   Check if swap backing store is full
#   Decrease Java heap size (-Xmx/-Xms)
#   Decrease number of Java threads
#   Decrease Java thread stack sizes (-Xss)
#   Set larger code cache with -XX:ReservedCodeCacheSize=
#   JVM is running with Zero Based Compressed Oops mode in which the Java heap is
#     placed in the first 32GB address space. The Java Heap base address is the
#     maximum limit for the native heap growth. Please use -XX:HeapBaseMinAddress
#     to set the Java Heap base and to place the Java Heap above 32GB virtual address.
# This output file may be truncated or incomplete.
#
#  Out of Memory Error (os_windows.cpp:3825), pid=15384, tid=15432
#
# JRE version:  (17.0.11+1) (build )
# Java VM: OpenJDK 64-Bit Server VM (17.0.11+1-b1207.24, mixed mode, sharing, tiered, compressed oops, compressed class ptrs, g1 gc, windows-amd64)
# No core dump will be written. Minidumps are not enabled by default on client versions of Windows
#

---------------  S U M M A R Y ------------

Command Line: git4idea.http.GitAskPassApp Username for 'https://github.com': 

Host: Intel(R) Core(TM) i5-3570 CPU @ 3.40GHz, 4 cores, 11G,  Windows 10 , 64 bit Build 19041 (10.0.19041.5072)
Time: Wed Dec 11 20:40:01 2024 Egypt Standard Time elapsed time: 0.017595 seconds (0d 0h 0m 0s)

---------------  T H R E A D  ---------------

Current thread (0x000002158dca24e0):  JavaThread "Unknown thread" [_thread_in_vm, id=15432, stack(0x0000005e44f00000,0x0000005e45000000)]

Stack: [0x0000005e44f00000,0x0000005e45000000]
Native frames: (J=compiled Java code, j=interpreted, Vv=VM code, C=native code)
V  [jvm.dll+0x6877f9]
V  [jvm.dll+0x8411aa]
V  [jvm.dll+0x842e2e]
V  [jvm.dll+0x843493]
V  [jvm.dll+0x249fdf]
V  [jvm.dll+0x6845c9]
V  [jvm.dll+0x678e7a]
V  [jvm.dll+0x30ab4b]
V  [jvm.dll+0x311ff6]
V  [jvm.dll+0x361a88]
V  [jvm.dll+0x361c8f]
V  [jvm.dll+0x2e0978]
V  [jvm.dll+0x2e18e4]
V  [jvm.dll+0x811c71]
V  [jvm.dll+0x36f7c8]
V  [jvm.dll+0x7f05f6]
V  [jvm.dll+0x3f398f]
V  [jvm.dll+0x3f5541]
C  [jli.dll+0x528f]
C  [ucrtbase.dll+0x21bb2]
C  [KERNEL32.DLL+0x17374]
C  [ntdll.dll+0x4cc91]


---------------  P R O C E S S  ---------------

Threads class SMR info:
_java_thread_list=0x00007ffb8c5aefd8, length=0, elements={
}

Java Threads: ( => current thread )

Other Threads:
  0x000002158dcf8250 GCTaskThread "GC Thread#0" [stack: 0x0000005e45000000,0x0000005e45100000] [id=15400]
  0x000002158dd05120 ConcurrentGCThread "G1 Main Marker" [stack: 0x0000005e45100000,0x0000005e45200000] [id=15428]
  0x000002158dd062e0 ConcurrentGCThread "G1 Conc#0" [stack: 0x0000005e45200000,0x0000005e45300000] [id=14464]

[error occurred during error reporting (printing all threads), id 0xc0000005, EXCEPTION_ACCESS_VIOLATION (0xc0000005) at pc=0x00007ffb8bd61547]

VM state: not at safepoint (not fully initialized)

VM Mutex/Monitor currently owned by a thread:  ([mutex/lock_event])
[0x000002158dc9f2a0] Heap_lock - owner thread: 0x000002158dca24e0

Heap address: 0x0000000740800000, size: 3064 MB, Compressed Oops mode: Zero based, Oop shift amount: 3

CDS archive(s) mapped at: [0x0000000000000000-0x0000000000000000-0x0000000000000000), size 0, SharedBaseAddress: 0x0000000800000000, ArchiveRelocationMode: 1.
Narrow klass base: 0x0000000000000000, Narrow klass shift: 0, Narrow klass range: 0x0

GC Precious Log:
<Empty>

Heap:
 garbage-first heap   total 0K, used 0K [0x0000000740800000, 0x0000000800000000)
  region size 2048K, 0 young (0K), 0 survivors (0K)
 Metaspace       used 0K, committed 0K, reserved 0K
  class space    used 0K, committed 0K, reserved 0K

Heap Regions: E=young(eden), S=young(survivor), O=old, HS=humongous(starts), HC=humongous(continues), CS=collection set, F=free, OA=open archive, CA=closed archive, TAMS=top-at-mark-start (previous, next)

Card table byte_map: [0x00000215a0a30000,0x00000215a1030000] _byte_map_base: 0x000002159d02c000

Marking Bits (Prev, Next): (CMBitMap*) 0x000002158dcf8870, (CMBitMap*) 0x000002158dcf88b0
 Prev Bits: [0x00000215a1630000, 0x00000215a4610000)
 Next Bits: [0x00000215a4610000, 0x00000215a75f0000)

GC Heap History (0 events):
No events

Dll operation events (1 events):
Event: 0.010 Loaded shared library C:\Program Files\JetBrains\CLion 2024.1.2\jbr\bin\java.dll

Deoptimization events (0 events):
No events

Classes unloaded (0 events):
No events

Classes redefined (0 events):
No events

Internal exceptions (0 events):
No events

VM Operations (0 events):
No events

Events (0 events):
No events


Dynamic libraries:
0x00007ff7e1fb0000 - 0x00007ff7e1fba000 	C:\Program Files\JetBrains\CLion 2024.1.2\jbr\bin\java.exe
0x00007ffbe74d0000 - 0x00007ffbe76c8000 	C:\Windows\SYSTEM32\ntdll.dll
0x00007ffbe6100000 - 0x00007ffbe61c2000 	C:\Windows\System32\KERNEL32.DLL
0x00007ffbe5130000 - 0x00007ffbe542e000 	C:\Windows\System32\KERNELBASE.dll
0x00007ffbe4b70000 - 0x00007ffbe4c70000 	C:\Windows\System32\ucrtbase.dll
0x00007ffbb9810000 - 0x00007ffbb9827000 	C:\Program Files\JetBrains\CLion 2024.1.2\jbr\bin\jli.dll
0x00007ffbe5f60000 - 0x00007ffbe60fd000 	C:\Windows\System32\USER32.dll
0x00007ffbe4d10000 - 0x00007ffbe4d32000 	C:\Windows\System32\win32u.dll
0x00007ffbe61d0000 - 0x00007ffbe61fb000 	C:\Windows\System32\GDI32.dll
0x00007ffbe4e60000 - 0x00007ffbe4f77000 	C:\Windows\System32\gdi32full.dll
0x00007ffbe4c70000 - 0x00007ffbe4d0d000 	C:\Windows\System32\msvcp_win.dll
0x00007ffbba470000 - 0x00007ffbba48b000 	C:\Program Files\JetBrains\CLion 2024.1.2\jbr\bin\VCRUNTIME140.dll
0x00007ffbcd880000 - 0x00007ffbcdb1a000 	C:\Windows\WinSxS\amd64_microsoft.windows.common-controls_6595b64144ccf1df_6.0.19041.4355_none_60b8b9eb71f62e16\COMCTL32.dll
0x00007ffbe56a0000 - 0x00007ffbe573e000 	C:\Windows\System32\msvcrt.dll
0x00007ffbe7150000 - 0x00007ffbe717f000 	C:\Windows\System32\IMM32.DLL
0x00007ffbd6330000 - 0x00007ffbd633c000 	C:\Program Files\JetBrains\CLion 2024.1.2\jbr\bin\vcruntime140_1.dll
0x00007ffbaa460000 - 0x00007ffbaa4ed000 	C:\Program Files\JetBrains\CLion 2024.1.2\jbr\bin\msvcp140.dll
0x00007ffb8ba70000 - 0x00007ffb8c6f3000 	C:\Program Files\JetBrains\CLion 2024.1.2\jbr\bin\server\jvm.dll
0x00007ffbe7180000 - 0x00007ffbe7231000 	C:\Windows\System32\ADVAPI32.dll
0x00007ffbe6ad0000 - 0x00007ffbe6b6f000 	C:\Windows\System32\sechost.dll
0x00007ffbe6990000 - 0x00007ffbe6ab3000 	C:\Windows\System32\RPCRT4.dll
0x00007ffbe54c0000 - 0x00007ffbe54e7000 	C:\Windows\System32\bcrypt.dll
0x00007ffbe40b0000 - 0x00007ffbe40fb000 	C:\Windows\SYSTEM32\POWRPROF.dll
0x00007ffbdec60000 - 0x00007ffbdec69000 	C:\Windows\SYSTEM32\WSOCK32.dll
0x00007ffbe7420000 - 0x00007ffbe748b000 	C:\Windows\System32\WS2_32.dll
0x00007ffbdc900000 - 0x00007ffbdc927000 	C:\Windows\SYSTEM32\WINMM.dll
0x00007ffbdf120000 - 0x00007ffbdf12a000 	C:\Windows\SYSTEM32\VERSION.dll
0x00007ffbe3f70000 - 0x00007ffbe3f82000 	C:\Windows\SYSTEM32\UMPDC.dll
0x00007ffbe2a10000 - 0x00007ffbe2a22000 	C:\Windows\SYSTEM32\kernel.appcore.dll
0x00007ffbdec50000 - 0x00007ffbdec5a000 	C:\Program Files\JetBrains\CLion 2024.1.2\jbr\bin\jimage.dll
0x00007ffbdd310000 - 0x00007ffbdd4f4000 	C:\Windows\SYSTEM32\DBGHELP.DLL
0x00007ffbc5b20000 - 0x00007ffbc5b54000 	C:\Windows\SYSTEM32\dbgcore.DLL
0x00007ffbe5430000 - 0x00007ffbe54b2000 	C:\Windows\System32\bcryptPrimitives.dll
0x00007ffbc3d80000 - 0x00007ffbc3da5000 	C:\Program Files\JetBrains\CLion 2024.1.2\jbr\bin\java.dll

dbghelp: loaded successfully - version: 4.0.5 - missing functions: none
symbol engine: initialized successfully - sym options: 0x614 - pdb path: .;C:\Program Files\JetBrains\CLion 2024.1.2\jbr\bin;C:\Windows\SYSTEM32;C:\Windows\WinSxS\amd64_microsoft.windows.common-controls_6595b64144ccf1df_6.0.19041.4355_none_60b8b9eb71f62e16;C:\Program Files\JetBrains\CLion 2024.1.2\jbr\bin\server

VM Arguments:
java_command: git4idea.http.GitAskPassApp Username for 'https://github.com': 
java_class_path (initial): C:/Program Files/JetBrains/CLion 2024.1.2/plugins/vcs-git/lib/git4idea-rt.jar;C:/Program Files/JetBrains/CLion 2024.1.2/lib/externalProcess-rt.jar
Launcher Type: SUN_STANDARD

[Global flags]
     intx CICompilerCount                          = 3                                         {product} {ergonomic}
     uint ConcGCThreads                            = 1                                         {product} {ergonomic}
     uint G1ConcRefinementThreads                  = 4                                         {product} {ergonomic}
   size_t G1HeapRegionSize                         = 2097152                                   {product} {ergonomic}
    uintx GCDrainStackTargetSize                   = 64                                        {product} {ergonomic}
   size_t InitialHeapSize                          = 201326592                                 {product} {ergonomic}
   size_t MarkStackSize                            = 4194304                                   {product} {ergonomic}
   size_t MaxHeapSize                              = 3212836864                                {product} {ergonomic}
   size_t MinHeapDeltaBytes                        = 2097152                                   {product} {ergonomic}
   size_t MinHeapSize                              = 8388608                                   {product} {ergonomic}
    uintx NonNMethodCodeHeapSize                   = 5832780                                {pd product} {ergonomic}
    uintx NonProfiledCodeHeapSize                  = 122912730                              {pd product} {ergonomic}
    uintx ProfiledCodeHeapSize                     = 122912730                              {pd product} {ergonomic}
    uintx ReservedCodeCacheSize                    = 251658240                              {pd product} {ergonomic}
     bool SegmentedCodeCache                       = true                                      {product} {ergonomic}
   size_t SoftMaxHeapSize                          = 3212836864                             {manageable} {ergonomic}
     bool UseCompressedClassPointers               = true                           {product lp64_product} {ergonomic}
     bool UseCompressedOops                        = true                           {product lp64_product} {ergonomic}
     bool UseG1GC                                  = true                                      {product} {ergonomic}
     bool UseLargePagesIndividualAllocation        = false                                  {pd product} {ergonomic}

Logging:
Log output configuration:
 #0: stdout all=warning uptime,level,tags
 #1: stderr all=off uptime,level,tags

Environment Variables:
PATH=C:\Program Files\Git\mingw64\libexec\git-core;C:\Program Files\Git\mingw64\libexec\git-core;C:\Program Files\Git\mingw64\bin;C:\Program Files\Git\usr\bin;C:\Users\Ahmed Taha\bin;C:\Program Files (x86)\NVIDIA Corporation\PhysX\Common;C:\Program Files (x86)\Common Files\Intel\Shared Libraries\redist\intel64\compiler;C:\Program Files (x86)\Common Files\Oracle\Java\javapath;C:\Windows\system32;C:\Windows;C:\Windows\System32\Wbem;C:\Windows\System32\WindowsPowerShell\v1.0;C:\Windows\System32\OpenSSH;C:\Program Files\dotnet;C:\Program Files (x86)\Touch Portal\plugins\adb\platform-tools;C:\Program Files\Git\cmd;C:\Users\Ahmed Taha\AppData\Local\Programs\Python\Python39\Scripts;C:\Users\Ahmed Taha\AppData\Local\Programs\Python\Python39;C:\Users\Ahmed Taha\AppData\Local\Microsoft\WindowsApps;C:\Program Files\JetBrains\IntelliJ IDEA Community Edition 2020.2.2\bin;C:\Users\Ahmed Taha\AppData\Local\Programs\Microsoft VS Code\bin;C:\MinGW\bin;C:\Program Files\JetBrains\CLion 2024.1.2\bin
USERNAME=Ahmed Taha
DISPLAY=:0.0
LC_ALL=en_US.UTF-8
TERM=xterm-256color
TMPDIR=C:\Users\AHMEDT~1\AppData\Local\Temp
OS=Windows_NT
PROCESSOR_IDENTIFIER=Intel64 Family 6 Model 58 Stepping 9, GenuineIntel
TMP=C:\Users\AHMEDT~1\AppData\Local\Temp
TEMP=C:\Users\AHMEDT~1\AppData\Local\Temp



Periodic native trim disabled

JNI global refs:
JNI global refs: 0, weak refs: 0

JNI global refs memory usage: 0, weak refs: 0

Process memory usage:
Resident Set Size: 10724K (0% of 12546024K total physical memory with 1666584K free physical memory)

OOME stack traces (most recent first):
Classloader memory used:


---------------  S Y S T E M  ---------------

OS:
 Windows 10 , 64 bit Build 19041 (10.0.19041.5072)
OS uptime: 0 days 2:25 hours

CPU: total 4 (initial active 4) (4 cores per cpu, 1 threads per core) family 6 model 58 stepping 9 microcode 0x21, cx8, cmov, fxsr, mmx, sse, sse2, sse3, ssse3, sse4.1, sse4.2, popcnt, tsc, tscinvbit, avx, aes, erms, clmul, vzeroupper, clflush
Processor Information for all 4 processors :
  Max Mhz: 3801, Current Mhz: 3801, Mhz Limit: 3801

Memory: 4k page, system-wide physical 12251M (1627M free)
TotalPageFile size 16144M (AvailPageFile size 5M)
current process WorkingSet (physical memory assigned to process): 10M, peak: 10M
current process commit charge ("private bytes"): 247M, peak: 250M

vm_info: OpenJDK 64-Bit Server VM (17.0.11+1-b1207.24) for windows-amd64 JRE (17.0.11+1-b1207.24), built on 2024-05-15 by "builduser" with MS VC++ 16.10 / 16.11 (VS2019)

END.
